<?xml version="1.0" encoding="UTF-8"?>
<coverage generated="1585694664997" clover="3.2.0">
  <project timestamp="1585694664998" name="All files">
    <metrics statements="65" coveredstatements="47" conditionals="23" coveredconditionals="9" methods="24" coveredmethods="18" elements="112" coveredelements="74" complexity="0" loc="65" ncloc="65" packages="4" files="6" classes="6">
      <package name="knex-todo-cli">
        <metrics statements="41" coveredstatements="26" conditionals="23" coveredconditionals="9" methods="11" coveredmethods="8"/>
        <file name="knexfile.js" path="C:\Coding\EDA-Revision\knex-todo-cli\knexfile.js">
          <metrics statements="1" coveredstatements="1" conditionals="0" coveredconditionals="0" methods="0" coveredmethods="0"/>
          <line num="3" count="1" type="stmt"/>
        </file>
        <file name="todo" path="C:\Coding\EDA-Revision\knex-todo-cli\todo">
          <metrics statements="40" coveredstatements="25" conditionals="23" coveredconditionals="9" methods="11" coveredmethods="8"/>
          <line num="3" count="1" type="stmt"/>
          <line num="4" count="1" type="stmt"/>
          <line num="6" count="1" type="stmt"/>
          <line num="7" count="1" type="stmt"/>
          <line num="8" count="1" type="stmt"/>
          <line num="10" count="1" type="cond" truecount="1" falsecount="6"/>
          <line num="12" count="0" type="stmt"/>
          <line num="16" count="0" type="stmt"/>
          <line num="18" count="0" type="stmt"/>
          <line num="23" count="0" type="stmt"/>
          <line num="25" count="0" type="stmt"/>
          <line num="30" count="0" type="stmt"/>
          <line num="32" count="0" type="stmt"/>
          <line num="36" count="0" type="stmt"/>
          <line num="38" count="0" type="stmt"/>
          <line num="43" count="0" type="stmt"/>
          <line num="45" count="0" type="stmt"/>
          <line num="50" count="0" type="stmt"/>
          <line num="52" count="1" type="stmt"/>
          <line num="53" count="1" type="stmt"/>
          <line num="54" count="1" type="stmt"/>
          <line num="58" count="0" type="stmt"/>
          <line num="59" count="0" type="cond" truecount="0" falsecount="2"/>
          <line num="64" count="1" type="stmt"/>
          <line num="68" count="0" type="stmt"/>
          <line num="72" count="6" type="cond" truecount="1" falsecount="1"/>
          <line num="73" count="6" type="stmt"/>
          <line num="77" count="1" type="cond" truecount="1" falsecount="1"/>
          <line num="78" count="1" type="stmt"/>
          <line num="84" count="1" type="cond" truecount="1" falsecount="1"/>
          <line num="85" count="1" type="stmt"/>
          <line num="91" count="1" type="cond" truecount="1" falsecount="1"/>
          <line num="92" count="1" type="stmt"/>
          <line num="97" count="1" type="cond" truecount="2" falsecount="0"/>
          <line num="98" count="1" type="stmt"/>
          <line num="102" count="1" type="cond" truecount="1" falsecount="1"/>
          <line num="103" count="1" type="stmt"/>
          <line num="109" count="1" type="cond" truecount="1" falsecount="1"/>
          <line num="110" count="1" type="stmt"/>
          <line num="114" count="1" type="stmt"/>
        </file>
      </package>
      <package name="knex-todo-cli.migrations">
        <metrics statements="12" coveredstatements="9" conditionals="0" coveredconditionals="0" methods="7" coveredmethods="4"/>
        <file name="20181029141011_todos.js" path="C:\Coding\EDA-Revision\knex-todo-cli\migrations\20181029141011_todos.js">
          <metrics statements="6" coveredstatements="5" conditionals="0" coveredconditionals="0" methods="3" coveredmethods="2"/>
          <line num="2" count="1" type="stmt"/>
          <line num="3" count="7" type="stmt"/>
          <line num="4" count="7" type="stmt"/>
          <line num="5" count="7" type="stmt"/>
          <line num="9" count="1" type="stmt"/>
          <line num="10" count="0" type="stmt"/>
        </file>
        <file name="20181029160846_add-completed-column.js" path="C:\Coding\EDA-Revision\knex-todo-cli\migrations\20181029160846_add-completed-column.js">
          <metrics statements="6" coveredstatements="4" conditionals="0" coveredconditionals="0" methods="4" coveredmethods="2"/>
          <line num="2" count="1" type="stmt"/>
          <line num="3" count="7" type="stmt"/>
          <line num="4" count="7" type="stmt"/>
          <line num="8" count="1" type="stmt"/>
          <line num="9" count="0" type="stmt"/>
          <line num="10" count="0" type="stmt"/>
        </file>
      </package>
      <package name="knex-todo-cli.tests">
        <metrics statements="7" coveredstatements="7" conditionals="0" coveredconditionals="0" methods="4" coveredmethods="4"/>
        <file name="test-environment.js" path="C:\Coding\EDA-Revision\knex-todo-cli\tests\test-environment.js">
          <metrics statements="7" coveredstatements="7" conditionals="0" coveredconditionals="0" methods="4" coveredmethods="4"/>
          <line num="1" count="1" type="stmt"/>
          <line num="3" count="1" type="stmt"/>
          <line num="5" count="1" type="stmt"/>
          <line num="7" count="7" type="stmt"/>
          <line num="12" count="7" type="stmt"/>
          <line num="14" count="7" type="stmt"/>
          <line num="20" count="7" type="stmt"/>
        </file>
      </package>
      <package name="knex-todo-cli.tests.seeds">
        <metrics statements="5" coveredstatements="5" conditionals="0" coveredconditionals="0" methods="2" coveredmethods="2"/>
        <file name="todos.js" path="C:\Coding\EDA-Revision\knex-todo-cli\tests\seeds\todos.js">
          <metrics statements="5" coveredstatements="5" conditionals="0" coveredconditionals="0" methods="2" coveredmethods="2"/>
          <line num="1" count="1" type="stmt"/>
          <line num="7" count="1" type="stmt"/>
          <line num="9" count="1" type="stmt"/>
          <line num="10" count="7" type="stmt"/>
          <line num="12" count="7" type="stmt"/>
        </file>
      </package>
    </metrics>
  </project>
</coverage>
