{"C:\\Coding\\DevAcademy-Revision\\knex-todo-cli\\knexfile.js": {"path":"C:\\Coding\\DevAcademy-Revision\\knex-todo-cli\\knexfile.js","statementMap":{"0":{"start":{"line":3,"column":0},"end":{"line":56,"column":2}}},"fnMap":{},"branchMap":{},"s":{"0":1},"f":{},"b":{},"_coverageSchema":"332fd63041d2c1bcb487cc26dd0d5f7d97098a6c","hash":"32bda8729c482ffe34ada995d0ef82b6957024fc"}
,"C:\\Coding\\DevAcademy-Revision\\knex-todo-cli\\todo": {"path":"C:\\Coding\\DevAcademy-Revision\\knex-todo-cli\\todo","statementMap":{"0":{"start":{"line":3,"column":15},"end":{"line":3,"column":48}},"1":{"start":{"line":4,"column":14},"end":{"line":4,"column":37}},"2":{"start":{"line":6,"column":12},"end":{"line":6,"column":27}},"3":{"start":{"line":7,"column":13},"end":{"line":7,"column":28}},"4":{"start":{"line":8,"column":13},"end":{"line":8,"column":28}},"5":{"start":{"line":10,"column":0},"end":{"line":55,"column":1}},"6":{"start":{"line":12,"column":4},"end":{"line":15,"column":23}},"7":{"start":{"line":16,"column":4},"end":{"line":16,"column":9}},"8":{"start":{"line":18,"column":4},"end":{"line":22,"column":23}},"9":{"start":{"line":23,"column":4},"end":{"line":23,"column":10}},"10":{"start":{"line":25,"column":4},"end":{"line":29,"column":23}},"11":{"start":{"line":30,"column":4},"end":{"line":30,"column":10}},"12":{"start":{"line":32,"column":4},"end":{"line":35,"column":21}},"13":{"start":{"line":36,"column":4},"end":{"line":36,"column":10}},"14":{"start":{"line":38,"column":2},"end":{"line":42,"column":21}},"15":{"start":{"line":43,"column":4},"end":{"line":43,"column":10}},"16":{"start":{"line":45,"column":4},"end":{"line":49,"column":21}},"17":{"start":{"line":50,"column":4},"end":{"line":50,"column":10}},"18":{"start":{"line":52,"column":4},"end":{"line":52,"column":35}},"19":{"start":{"line":53,"column":4},"end":{"line":53,"column":13}},"20":{"start":{"line":54,"column":4},"end":{"line":54,"column":10}},"21":{"start":{"line":58,"column":2},"end":{"line":60,"column":4}},"22":{"start":{"line":59,"column":4},"end":{"line":59,"column":174}},"23":{"start":{"line":64,"column":2},"end":{"line":64,"column":24}},"24":{"start":{"line":68,"column":2},"end":{"line":68,"column":30}},"25":{"start":{"line":72,"column":13},"end":{"line":72,"column":28}},"26":{"start":{"line":73,"column":2},"end":{"line":73,"column":29}},"27":{"start":{"line":77,"column":13},"end":{"line":77,"column":28}},"28":{"start":{"line":78,"column":2},"end":{"line":80,"column":13}},"29":{"start":{"line":84,"column":13},"end":{"line":84,"column":28}},"30":{"start":{"line":85,"column":2},"end":{"line":87,"column":27}},"31":{"start":{"line":91,"column":13},"end":{"line":91,"column":28}},"32":{"start":{"line":92,"column":2},"end":{"line":93,"column":47}},"33":{"start":{"line":97,"column":13},"end":{"line":97,"column":28}},"34":{"start":{"line":98,"column":2},"end":{"line":98,"column":14}},"35":{"start":{"line":102,"column":13},"end":{"line":102,"column":28}},"36":{"start":{"line":103,"column":2},"end":{"line":105,"column":29}},"37":{"start":{"line":109,"column":13},"end":{"line":109,"column":28}},"38":{"start":{"line":110,"column":4},"end":{"line":111,"column":26}},"39":{"start":{"line":114,"column":0},"end":{"line":122,"column":2}}},"fnMap":{"0":{"name":"listTodos","decl":{"start":{"line":57,"column":9},"end":{"line":57,"column":18}},"loc":{"start":{"line":57,"column":27},"end":{"line":61,"column":1}},"line":57},"1":{"name":"(anonymous_1)","decl":{"start":{"line":58,"column":16},"end":{"line":58,"column":17}},"loc":{"start":{"line":58,"column":32},"end":{"line":60,"column":3}},"line":58},"2":{"name":"refreshTodos","decl":{"start":{"line":63,"column":9},"end":{"line":63,"column":21}},"loc":{"start":{"line":63,"column":30},"end":{"line":65,"column":1}},"line":63},"3":{"name":"logError","decl":{"start":{"line":67,"column":9},"end":{"line":67,"column":17}},"loc":{"start":{"line":67,"column":24},"end":{"line":69,"column":1}},"line":67},"4":{"name":"getAll","decl":{"start":{"line":71,"column":9},"end":{"line":71,"column":15}},"loc":{"start":{"line":71,"column":25},"end":{"line":74,"column":1}},"line":71},"5":{"name":"deleteById","decl":{"start":{"line":76,"column":9},"end":{"line":76,"column":19}},"loc":{"start":{"line":76,"column":32},"end":{"line":81,"column":1}},"line":76},"6":{"name":"updateById","decl":{"start":{"line":83,"column":9},"end":{"line":83,"column":19}},"loc":{"start":{"line":83,"column":41},"end":{"line":88,"column":1}},"line":83},"7":{"name":"searchByString","decl":{"start":{"line":90,"column":9},"end":{"line":90,"column":23}},"loc":{"start":{"line":90,"column":46},"end":{"line":94,"column":1}},"line":90},"8":{"name":"closeDB","decl":{"start":{"line":96,"column":9},"end":{"line":96,"column":16}},"loc":{"start":{"line":96,"column":26},"end":{"line":99,"column":1}},"line":96},"9":{"name":"completeById","decl":{"start":{"line":101,"column":9},"end":{"line":101,"column":21}},"loc":{"start":{"line":101,"column":34},"end":{"line":106,"column":1}},"line":101},"10":{"name":"newTask","decl":{"start":{"line":108,"column":9},"end":{"line":108,"column":16}},"loc":{"start":{"line":108,"column":30},"end":{"line":112,"column":1}},"line":108}},"branchMap":{"0":{"loc":{"start":{"line":10,"column":0},"end":{"line":55,"column":1}},"type":"switch","locations":[{"start":{"line":11,"column":2},"end":{"line":16,"column":9}},{"start":{"line":17,"column":2},"end":{"line":23,"column":10}},{"start":{"line":24,"column":2},"end":{"line":30,"column":10}},{"start":{"line":31,"column":2},"end":{"line":36,"column":10}},{"start":{"line":37,"column":2},"end":{"line":43,"column":10}},{"start":{"line":44,"column":2},"end":{"line":50,"column":10}},{"start":{"line":51,"column":2},"end":{"line":54,"column":10}}],"line":10},"1":{"loc":{"start":{"line":59,"column":67},"end":{"line":59,"column":168}},"type":"cond-expr","locations":[{"start":{"line":59,"column":84},"end":{"line":59,"column":122}},{"start":{"line":59,"column":125},"end":{"line":59,"column":168}}],"line":59},"2":{"loc":{"start":{"line":72,"column":13},"end":{"line":72,"column":28}},"type":"binary-expr","locations":[{"start":{"line":72,"column":13},"end":{"line":72,"column":19}},{"start":{"line":72,"column":23},"end":{"line":72,"column":28}}],"line":72},"3":{"loc":{"start":{"line":77,"column":13},"end":{"line":77,"column":28}},"type":"binary-expr","locations":[{"start":{"line":77,"column":13},"end":{"line":77,"column":19}},{"start":{"line":77,"column":23},"end":{"line":77,"column":28}}],"line":77},"4":{"loc":{"start":{"line":84,"column":13},"end":{"line":84,"column":28}},"type":"binary-expr","locations":[{"start":{"line":84,"column":13},"end":{"line":84,"column":19}},{"start":{"line":84,"column":23},"end":{"line":84,"column":28}}],"line":84},"5":{"loc":{"start":{"line":91,"column":13},"end":{"line":91,"column":28}},"type":"binary-expr","locations":[{"start":{"line":91,"column":13},"end":{"line":91,"column":19}},{"start":{"line":91,"column":23},"end":{"line":91,"column":28}}],"line":91},"6":{"loc":{"start":{"line":97,"column":13},"end":{"line":97,"column":28}},"type":"binary-expr","locations":[{"start":{"line":97,"column":13},"end":{"line":97,"column":19}},{"start":{"line":97,"column":23},"end":{"line":97,"column":28}}],"line":97},"7":{"loc":{"start":{"line":102,"column":13},"end":{"line":102,"column":28}},"type":"binary-expr","locations":[{"start":{"line":102,"column":13},"end":{"line":102,"column":19}},{"start":{"line":102,"column":23},"end":{"line":102,"column":28}}],"line":102},"8":{"loc":{"start":{"line":109,"column":13},"end":{"line":109,"column":28}},"type":"binary-expr","locations":[{"start":{"line":109,"column":13},"end":{"line":109,"column":19}},{"start":{"line":109,"column":23},"end":{"line":109,"column":28}}],"line":109}},"s":{"0":1,"1":1,"2":1,"3":1,"4":1,"5":1,"6":0,"7":0,"8":0,"9":0,"10":0,"11":0,"12":0,"13":0,"14":0,"15":0,"16":0,"17":0,"18":1,"19":1,"20":1,"21":0,"22":0,"23":1,"24":0,"25":5,"26":5,"27":1,"28":1,"29":1,"30":1,"31":1,"32":1,"33":1,"34":1,"35":1,"36":1,"37":1,"38":1,"39":1},"f":{"0":0,"1":0,"2":1,"3":0,"4":5,"5":1,"6":1,"7":1,"8":1,"9":1,"10":1},"b":{"0":[0,0,0,0,0,0,1],"1":[0,0],"2":[5,0],"3":[1,0],"4":[1,0],"5":[1,0],"6":[1,1],"7":[1,0],"8":[1,0]},"_coverageSchema":"332fd63041d2c1bcb487cc26dd0d5f7d97098a6c","hash":"a951500c08636866c27bac1e2c57ba77426c7de3"}
,"C:\\Coding\\DevAcademy-Revision\\knex-todo-cli\\migrations\\20181029141011_todos.js": {"path":"C:\\Coding\\DevAcademy-Revision\\knex-todo-cli\\migrations\\20181029141011_todos.js","statementMap":{"0":{"start":{"line":2,"column":0},"end":{"line":7,"column":2}},"1":{"start":{"line":3,"column":4},"end":{"line":6,"column":8}},"2":{"start":{"line":4,"column":8},"end":{"line":4,"column":30}},"3":{"start":{"line":5,"column":8},"end":{"line":5,"column":28}},"4":{"start":{"line":9,"column":0},"end":{"line":11,"column":2}},"5":{"start":{"line":10,"column":4},"end":{"line":10,"column":41}}},"fnMap":{"0":{"name":"(anonymous_0)","decl":{"start":{"line":2,"column":13},"end":{"line":2,"column":14}},"loc":{"start":{"line":2,"column":37},"end":{"line":7,"column":1}},"line":2},"1":{"name":"(anonymous_1)","decl":{"start":{"line":3,"column":44},"end":{"line":3,"column":45}},"loc":{"start":{"line":3,"column":53},"end":{"line":6,"column":7}},"line":3},"2":{"name":"(anonymous_2)","decl":{"start":{"line":9,"column":15},"end":{"line":9,"column":16}},"loc":{"start":{"line":9,"column":39},"end":{"line":11,"column":1}},"line":9}},"branchMap":{},"s":{"0":1,"1":7,"2":7,"3":7,"4":1,"5":0},"f":{"0":7,"1":7,"2":0},"b":{},"_coverageSchema":"332fd63041d2c1bcb487cc26dd0d5f7d97098a6c","hash":"c3f1151d843d1fed909d93d4c8910bff869e825b"}
,"C:\\Coding\\DevAcademy-Revision\\knex-todo-cli\\migrations\\20181029160846_add-completed-column.js": {"path":"C:\\Coding\\DevAcademy-Revision\\knex-todo-cli\\migrations\\20181029160846_add-completed-column.js","statementMap":{"0":{"start":{"line":2,"column":0},"end":{"line":6,"column":2}},"1":{"start":{"line":3,"column":2},"end":{"line":5,"column":4}},"2":{"start":{"line":4,"column":6},"end":{"line":4,"column":50}},"3":{"start":{"line":8,"column":0},"end":{"line":12,"column":2}},"4":{"start":{"line":9,"column":4},"end":{"line":11,"column":6}},"5":{"start":{"line":10,"column":8},"end":{"line":10,"column":37}}},"fnMap":{"0":{"name":"(anonymous_0)","decl":{"start":{"line":2,"column":13},"end":{"line":2,"column":14}},"loc":{"start":{"line":2,"column":37},"end":{"line":6,"column":1}},"line":2},"1":{"name":"(anonymous_1)","decl":{"start":{"line":3,"column":36},"end":{"line":3,"column":37}},"loc":{"start":{"line":3,"column":52},"end":{"line":5,"column":3}},"line":3},"2":{"name":"(anonymous_2)","decl":{"start":{"line":8,"column":15},"end":{"line":8,"column":16}},"loc":{"start":{"line":8,"column":39},"end":{"line":12,"column":1}},"line":8},"3":{"name":"(anonymous_3)","decl":{"start":{"line":9,"column":38},"end":{"line":9,"column":39}},"loc":{"start":{"line":9,"column":54},"end":{"line":11,"column":5}},"line":9}},"branchMap":{},"s":{"0":1,"1":7,"2":7,"3":1,"4":0,"5":0},"f":{"0":7,"1":7,"2":0,"3":0},"b":{},"_coverageSchema":"332fd63041d2c1bcb487cc26dd0d5f7d97098a6c","hash":"7eb75589095e3ff8fe30c1cee3910fdcefe70e97"}
,"C:\\Coding\\DevAcademy-Revision\\knex-todo-cli\\tests\\test-environment.js": {"path":"C:\\Coding\\DevAcademy-Revision\\knex-todo-cli\\tests\\test-environment.js","statementMap":{"0":{"start":{"line":1,"column":18},"end":{"line":1,"column":33}},"1":{"start":{"line":3,"column":17},"end":{"line":3,"column":44}},"2":{"start":{"line":5,"column":0},"end":{"line":22,"column":1}},"3":{"start":{"line":7,"column":19},"end":{"line":7,"column":40}},"4":{"start":{"line":12,"column":4},"end":{"line":15,"column":8}},"5":{"start":{"line":14,"column":8},"end":{"line":14,"column":28}},"6":{"start":{"line":20,"column":4},"end":{"line":20,"column":23}}},"fnMap":{"0":{"name":"(anonymous_0)","decl":{"start":{"line":7,"column":13},"end":{"line":7,"column":14}},"loc":{"start":{"line":7,"column":19},"end":{"line":7,"column":40}},"line":7},"1":{"name":"(anonymous_1)","decl":{"start":{"line":11,"column":14},"end":{"line":11,"column":15}},"loc":{"start":{"line":11,"column":22},"end":{"line":16,"column":3}},"line":11},"2":{"name":"(anonymous_2)","decl":{"start":{"line":13,"column":12},"end":{"line":13,"column":13}},"loc":{"start":{"line":13,"column":18},"end":{"line":15,"column":7}},"line":13},"3":{"name":"(anonymous_3)","decl":{"start":{"line":19,"column":11},"end":{"line":19,"column":12}},"loc":{"start":{"line":19,"column":19},"end":{"line":21,"column":3}},"line":19}},"branchMap":{},"s":{"0":1,"1":1,"2":1,"3":7,"4":7,"5":7,"6":7},"f":{"0":7,"1":7,"2":7,"3":7},"b":{},"_coverageSchema":"332fd63041d2c1bcb487cc26dd0d5f7d97098a6c","hash":"27c6d85d4e1d5e2ae3088a6c1f49a702e335f935"}
,"C:\\Coding\\DevAcademy-Revision\\knex-todo-cli\\tests\\seeds\\todos.js": {"path":"C:\\Coding\\DevAcademy-Revision\\knex-todo-cli\\tests\\seeds\\todos.js","statementMap":{"0":{"start":{"line":1,"column":19},"end":{"line":5,"column":1}},"1":{"start":{"line":7,"column":0},"end":{"line":7,"column":27}},"2":{"start":{"line":9,"column":0},"end":{"line":14,"column":1}},"3":{"start":{"line":10,"column":2},"end":{"line":13,"column":6}},"4":{"start":{"line":12,"column":6},"end":{"line":12,"column":45}}},"fnMap":{"0":{"name":"(anonymous_0)","decl":{"start":{"line":9,"column":15},"end":{"line":9,"column":16}},"loc":{"start":{"line":9,"column":31},"end":{"line":14,"column":1}},"line":9},"1":{"name":"(anonymous_1)","decl":{"start":{"line":11,"column":10},"end":{"line":11,"column":11}},"loc":{"start":{"line":11,"column":22},"end":{"line":13,"column":5}},"line":11}},"branchMap":{},"s":{"0":2,"1":2,"2":2,"3":7,"4":7},"f":{"0":7,"1":7},"b":{},"_coverageSchema":"332fd63041d2c1bcb487cc26dd0d5f7d97098a6c","hash":"22cedaf9427b1fee872d6bb5ca8a5c1f77de9dd0"}
}
