TN:
SF:C:\Coding\DevAcademy-Revision\knex-todo-cli\knexfile.js
FNF:0
FNH:0
DA:3,1
LF:1
LH:1
BRF:0
BRH:0
end_of_record
TN:
SF:C:\Coding\DevAcademy-Revision\knex-todo-cli\todo
FN:57,listTodos
FN:58,(anonymous_1)
FN:63,refreshTodos
FN:67,logError
FN:71,getAll
FN:76,deleteById
FN:83,updateById
FN:90,searchByString
FN:96,closeDB
FN:101,completeById
FN:108,newTask
FNF:11
FNH:8
FNDA:0,listTodos
FNDA:0,(anonymous_1)
FNDA:1,refreshTodos
FNDA:0,logError
FNDA:5,getAll
FNDA:1,deleteById
FNDA:1,updateById
FNDA:1,searchByString
FNDA:1,closeDB
FNDA:1,completeById
FNDA:1,newTask
DA:3,1
DA:4,1
DA:6,1
DA:7,1
DA:8,1
DA:10,1
DA:12,0
DA:16,0
DA:18,0
DA:23,0
DA:25,0
DA:30,0
DA:32,0
DA:36,0
DA:38,0
DA:43,0
DA:45,0
DA:50,0
DA:52,1
DA:53,1
DA:54,1
DA:58,0
DA:59,0
DA:64,1
DA:68,0
DA:72,5
DA:73,5
DA:77,1
DA:78,1
DA:84,1
DA:85,1
DA:91,1
DA:92,1
DA:97,1
DA:98,1
DA:102,1
DA:103,1
DA:109,1
DA:110,1
DA:114,1
LF:40
LH:25
BRDA:10,0,0,0
BRDA:10,0,1,0
BRDA:10,0,2,0
BRDA:10,0,3,0
BRDA:10,0,4,0
BRDA:10,0,5,0
BRDA:10,0,6,1
BRDA:59,1,0,0
BRDA:59,1,1,0
BRDA:72,2,0,5
BRDA:72,2,1,0
BRDA:77,3,0,1
BRDA:77,3,1,0
BRDA:84,4,0,1
BRDA:84,4,1,0
BRDA:91,5,0,1
BRDA:91,5,1,0
BRDA:97,6,0,1
BRDA:97,6,1,1
BRDA:102,7,0,1
BRDA:102,7,1,0
BRDA:109,8,0,1
BRDA:109,8,1,0
BRF:23
BRH:9
end_of_record
TN:
SF:C:\Coding\DevAcademy-Revision\knex-todo-cli\migrations\20181029141011_todos.js
FN:2,(anonymous_0)
FN:3,(anonymous_1)
FN:9,(anonymous_2)
FNF:3
FNH:2
FNDA:7,(anonymous_0)
FNDA:7,(anonymous_1)
FNDA:0,(anonymous_2)
DA:2,1
DA:3,7
DA:4,7
DA:5,7
DA:9,1
DA:10,0
LF:6
LH:5
BRF:0
BRH:0
end_of_record
TN:
SF:C:\Coding\DevAcademy-Revision\knex-todo-cli\migrations\20181029160846_add-completed-column.js
FN:2,(anonymous_0)
FN:3,(anonymous_1)
FN:8,(anonymous_2)
FN:9,(anonymous_3)
FNF:4
FNH:2
FNDA:7,(anonymous_0)
FNDA:7,(anonymous_1)
FNDA:0,(anonymous_2)
FNDA:0,(anonymous_3)
DA:2,1
DA:3,7
DA:4,7
DA:8,1
DA:9,0
DA:10,0
LF:6
LH:4
BRF:0
BRH:0
end_of_record
TN:
SF:C:\Coding\DevAcademy-Revision\knex-todo-cli\tests\test-environment.js
FN:7,(anonymous_0)
FN:11,(anonymous_1)
FN:13,(anonymous_2)
FN:19,(anonymous_3)
FNF:4
FNH:4
FNDA:7,(anonymous_0)
FNDA:7,(anonymous_1)
FNDA:7,(anonymous_2)
FNDA:7,(anonymous_3)
DA:1,1
DA:3,1
DA:5,1
DA:7,7
DA:12,7
DA:14,7
DA:20,7
LF:7
LH:7
BRF:0
BRH:0
end_of_record
TN:
SF:C:\Coding\DevAcademy-Revision\knex-todo-cli\tests\seeds\todos.js
FN:9,(anonymous_0)
FN:11,(anonymous_1)
FNF:2
FNH:2
FNDA:7,(anonymous_0)
FNDA:7,(anonymous_1)
DA:1,2
DA:7,2
DA:9,2
DA:10,7
DA:12,7
LF:5
LH:5
BRF:0
BRH:0
end_of_record
