{"C:\\Coding\\EDA-Revision\\w6-d3-async-redux-stories-saga\\client\\actions\\index.js": {"path":"C:\\Coding\\EDA-Revision\\w6-d3-async-redux-stories-saga\\client\\actions\\index.js","statementMap":{"0":{"start":{"line":1,"column":26},"end":{"line":1,"column":38}},"1":{"start":{"line":2,"column":29},"end":{"line":2,"column":44}},"2":{"start":{"line":3,"column":29},"end":{"line":3,"column":44}},"3":{"start":{"line":5,"column":28},"end":{"line":10,"column":1}},"4":{"start":{"line":6,"column":2},"end":{"line":9,"column":3}},"5":{"start":{"line":12,"column":28},"end":{"line":19,"column":1}},"6":{"start":{"line":13,"column":2},"end":{"line":13,"column":75}},"7":{"start":{"line":14,"column":2},"end":{"line":14,"column":20}},"8":{"start":{"line":15,"column":2},"end":{"line":18,"column":3}},"9":{"start":{"line":17,"column":29},"end":{"line":17,"column":38}},"10":{"start":{"line":21,"column":25},"end":{"line":26,"column":1}},"11":{"start":{"line":22,"column":2},"end":{"line":25,"column":3}}},"fnMap":{"0":{"name":"(anonymous_0)","decl":{"start":{"line":5,"column":28},"end":{"line":5,"column":29}},"loc":{"start":{"line":5,"column":37},"end":{"line":10,"column":1}},"line":5},"1":{"name":"(anonymous_1)","decl":{"start":{"line":12,"column":28},"end":{"line":12,"column":29}},"loc":{"start":{"line":12,"column":39},"end":{"line":19,"column":1}},"line":12},"2":{"name":"(anonymous_2)","decl":{"start":{"line":17,"column":21},"end":{"line":17,"column":22}},"loc":{"start":{"line":17,"column":29},"end":{"line":17,"column":38}},"line":17},"3":{"name":"(anonymous_3)","decl":{"start":{"line":21,"column":25},"end":{"line":21,"column":26}},"loc":{"start":{"line":21,"column":43},"end":{"line":26,"column":1}},"line":21}},"branchMap":{},"s":{"0":4,"1":4,"2":4,"3":4,"4":3,"5":4,"6":2,"7":2,"8":2,"9":4,"10":4,"11":1},"f":{"0":3,"1":2,"2":4,"3":1},"b":{},"_coverageSchema":"1a1c01bbd47fc00a2c39e90264f33305004495a9","hash":"cb0b8c477262c0eac8b61468c804704001c5d12a"}
,"C:\\Coding\\EDA-Revision\\w6-d3-async-redux-stories-saga\\client\\components\\App.jsx": {"path":"C:\\Coding\\EDA-Revision\\w6-d3-async-redux-stories-saga\\client\\components\\App.jsx","statementMap":{"0":{"start":{"line":8,"column":12},"end":{"line":16,"column":1}},"1":{"start":{"line":9,"column":2},"end":{"line":15,"column":8}}},"fnMap":{"0":{"name":"(anonymous_0)","decl":{"start":{"line":8,"column":12},"end":{"line":8,"column":13}},"loc":{"start":{"line":9,"column":2},"end":{"line":15,"column":8}},"line":9}},"branchMap":{},"s":{"0":1,"1":1},"f":{"0":1},"b":{},"_coverageSchema":"1a1c01bbd47fc00a2c39e90264f33305004495a9","hash":"126a5eed3012e78d220a41686eeb25ef82782e91"}
,"C:\\Coding\\EDA-Revision\\w6-d3-async-redux-stories-saga\\client\\components\\ErrorMessage.jsx": {"path":"C:\\Coding\\EDA-Revision\\w6-d3-async-redux-stories-saga\\client\\components\\ErrorMessage.jsx","statementMap":{"0":{"start":{"line":4,"column":28},"end":{"line":10,"column":1}},"1":{"start":{"line":5,"column":2},"end":{"line":9,"column":3}},"2":{"start":{"line":12,"column":31},"end":{"line":12,"column":74}},"3":{"start":{"line":12,"column":52},"end":{"line":12,"column":73}}},"fnMap":{"0":{"name":"(anonymous_0)","decl":{"start":{"line":4,"column":28},"end":{"line":4,"column":29}},"loc":{"start":{"line":4,"column":39},"end":{"line":10,"column":1}},"line":4},"1":{"name":"(anonymous_1)","decl":{"start":{"line":12,"column":31},"end":{"line":12,"column":32}},"loc":{"start":{"line":12,"column":51},"end":{"line":12,"column":74}},"line":12}},"branchMap":{},"s":{"0":2,"1":1,"2":2,"3":1},"f":{"0":1,"1":1},"b":{},"_coverageSchema":"1a1c01bbd47fc00a2c39e90264f33305004495a9","hash":"f033b5336c1cc47f5d5d376d7ed911734b2571a2"}
,"C:\\Coding\\EDA-Revision\\w6-d3-async-redux-stories-saga\\client\\components\\LoadSubreddit.jsx": {"path":"C:\\Coding\\EDA-Revision\\w6-d3-async-redux-stories-saga\\client\\components\\LoadSubreddit.jsx","statementMap":{"0":{"start":{"line":7,"column":29},"end":{"line":17,"column":1}},"1":{"start":{"line":8,"column":2},"end":{"line":16,"column":8}},"2":{"start":{"line":11,"column":6},"end":{"line":11,"column":42}}},"fnMap":{"0":{"name":"(anonymous_0)","decl":{"start":{"line":7,"column":29},"end":{"line":7,"column":30}},"loc":{"start":{"line":8,"column":2},"end":{"line":16,"column":8}},"line":8},"1":{"name":"(anonymous_1)","decl":{"start":{"line":9,"column":21},"end":{"line":9,"column":22}},"loc":{"start":{"line":9,"column":27},"end":{"line":12,"column":5}},"line":9}},"branchMap":{},"s":{"0":2,"1":2,"2":1},"f":{"0":2,"1":1},"b":{},"_coverageSchema":"1a1c01bbd47fc00a2c39e90264f33305004495a9","hash":"94b17b71f307e08be76eeb084469e72b45474f75"}
,"C:\\Coding\\EDA-Revision\\w6-d3-async-redux-stories-saga\\client\\components\\Post.jsx": {"path":"C:\\Coding\\EDA-Revision\\w6-d3-async-redux-stories-saga\\client\\components\\Post.jsx","statementMap":{"0":{"start":{"line":4,"column":17},"end":{"line":9,"column":1}},"1":{"start":{"line":11,"column":13},"end":{"line":19,"column":1}},"2":{"start":{"line":12,"column":45},"end":{"line":12,"column":49}},"3":{"start":{"line":13,"column":17},"end":{"line":13,"column":50}},"4":{"start":{"line":14,"column":4},"end":{"line":18,"column":12}}},"fnMap":{"0":{"name":"(anonymous_0)","decl":{"start":{"line":11,"column":13},"end":{"line":11,"column":14}},"loc":{"start":{"line":11,"column":25},"end":{"line":19,"column":1}},"line":11}},"branchMap":{"0":{"loc":{"start":{"line":17,"column":9},"end":{"line":17,"column":57}},"type":"binary-expr","locations":[{"start":{"line":17,"column":10},"end":{"line":17,"column":29}},{"start":{"line":17,"column":34},"end":{"line":17,"column":57}}],"line":17}},"s":{"0":3,"1":3,"2":2,"3":2,"4":2},"f":{"0":2},"b":{"0":[2,1]},"_coverageSchema":"1a1c01bbd47fc00a2c39e90264f33305004495a9","hash":"181320c37fd7cb1719e51fb0791ffcdd0d0a00f5"}
,"C:\\Coding\\EDA-Revision\\w6-d3-async-redux-stories-saga\\client\\components\\SubredditList.jsx": {"path":"C:\\Coding\\EDA-Revision\\w6-d3-async-redux-stories-saga\\client\\components\\SubredditList.jsx","statementMap":{"0":{"start":{"line":6,"column":17},"end":{"line":9,"column":1}},"1":{"start":{"line":11,"column":25},"end":{"line":20,"column":1}},"2":{"start":{"line":12,"column":2},"end":{"line":19,"column":8}},"3":{"start":{"line":14,"column":6},"end":{"line":17,"column":8}},"4":{"start":{"line":22,"column":31},"end":{"line":26,"column":1}},"5":{"start":{"line":23,"column":2},"end":{"line":25,"column":3}}},"fnMap":{"0":{"name":"(anonymous_0)","decl":{"start":{"line":11,"column":25},"end":{"line":11,"column":26}},"loc":{"start":{"line":12,"column":2},"end":{"line":19,"column":8}},"line":12},"1":{"name":"(anonymous_1)","decl":{"start":{"line":13,"column":20},"end":{"line":13,"column":21}},"loc":{"start":{"line":14,"column":6},"end":{"line":17,"column":8}},"line":14},"2":{"name":"(anonymous_2)","decl":{"start":{"line":22,"column":31},"end":{"line":22,"column":32}},"loc":{"start":{"line":22,"column":42},"end":{"line":26,"column":1}},"line":22}},"branchMap":{},"s":{"0":2,"1":2,"2":1,"3":3,"4":2,"5":1},"f":{"0":1,"1":3,"2":1},"b":{},"_coverageSchema":"1a1c01bbd47fc00a2c39e90264f33305004495a9","hash":"264a7504e710123daad938611b722ddde107fd76"}
,"C:\\Coding\\EDA-Revision\\w6-d3-async-redux-stories-saga\\client\\components\\WaitIndicator.jsx": {"path":"C:\\Coding\\EDA-Revision\\w6-d3-async-redux-stories-saga\\client\\components\\WaitIndicator.jsx","statementMap":{"0":{"start":{"line":4,"column":22},"end":{"line":8,"column":1}},"1":{"start":{"line":5,"column":2},"end":{"line":7,"column":10}},"2":{"start":{"line":11,"column":2},"end":{"line":13,"column":3}}},"fnMap":{"0":{"name":"(anonymous_0)","decl":{"start":{"line":4,"column":22},"end":{"line":4,"column":23}},"loc":{"start":{"line":4,"column":33},"end":{"line":8,"column":1}},"line":4},"1":{"name":"mapStateToProps","decl":{"start":{"line":10,"column":9},"end":{"line":10,"column":24}},"loc":{"start":{"line":10,"column":33},"end":{"line":14,"column":1}},"line":10}},"branchMap":{"0":{"loc":{"start":{"line":5,"column":9},"end":{"line":7,"column":10}},"type":"cond-expr","locations":[{"start":{"line":6,"column":6},"end":{"line":6,"column":67}},{"start":{"line":7,"column":6},"end":{"line":7,"column":10}}],"line":5}},"s":{"0":1,"1":0,"2":0},"f":{"0":0,"1":0},"b":{"0":[0,0]},"_coverageSchema":"1a1c01bbd47fc00a2c39e90264f33305004495a9","hash":"a8e3247a1890ceadaa67138247bba6750b1ec0f0"}
,"C:\\Coding\\EDA-Revision\\w6-d3-async-redux-stories-saga\\client\\reducers\\error-message.js": {"path":"C:\\Coding\\EDA-Revision\\w6-d3-async-redux-stories-saga\\client\\reducers\\error-message.js","statementMap":{"0":{"start":{"line":4,"column":2},"end":{"line":10,"column":3}},"1":{"start":{"line":6,"column":6},"end":{"line":6,"column":32}},"2":{"start":{"line":9,"column":6},"end":{"line":9,"column":18}}},"fnMap":{"0":{"name":"errorMessage","decl":{"start":{"line":3,"column":9},"end":{"line":3,"column":21}},"loc":{"start":{"line":3,"column":43},"end":{"line":11,"column":1}},"line":3}},"branchMap":{"0":{"loc":{"start":{"line":3,"column":23},"end":{"line":3,"column":33}},"type":"default-arg","locations":[{"start":{"line":3,"column":31},"end":{"line":3,"column":33}}],"line":3},"1":{"loc":{"start":{"line":4,"column":2},"end":{"line":10,"column":3}},"type":"switch","locations":[{"start":{"line":5,"column":4},"end":{"line":6,"column":32}},{"start":{"line":8,"column":4},"end":{"line":9,"column":18}}],"line":4}},"s":{"0":3,"1":1,"2":2},"f":{"0":3},"b":{"0":[3],"1":[1,2]},"_coverageSchema":"1a1c01bbd47fc00a2c39e90264f33305004495a9","hash":"f933abb1b40ed5da0839c4e2e9af7d9695b69fbb"}
,"C:\\Coding\\EDA-Revision\\w6-d3-async-redux-stories-saga\\client\\reducers\\index.js": {"path":"C:\\Coding\\EDA-Revision\\w6-d3-async-redux-stories-saga\\client\\reducers\\index.js","statementMap":{},"fnMap":{},"branchMap":{},"s":{},"f":{},"b":{},"_coverageSchema":"1a1c01bbd47fc00a2c39e90264f33305004495a9","hash":"2cae2d1a41757379414b8678e538a470b4704ed2"}
,"C:\\Coding\\EDA-Revision\\w6-d3-async-redux-stories-saga\\client\\reducers\\subreddits.js": {"path":"C:\\Coding\\EDA-Revision\\w6-d3-async-redux-stories-saga\\client\\reducers\\subreddits.js","statementMap":{"0":{"start":{"line":4,"column":2},"end":{"line":4,"column":85}},"1":{"start":{"line":5,"column":2},"end":{"line":11,"column":3}},"2":{"start":{"line":7,"column":6},"end":{"line":7,"column":25}},"3":{"start":{"line":10,"column":6},"end":{"line":10,"column":18}}},"fnMap":{"0":{"name":"subreddits","decl":{"start":{"line":3,"column":9},"end":{"line":3,"column":19}},"loc":{"start":{"line":3,"column":41},"end":{"line":12,"column":1}},"line":3}},"branchMap":{"0":{"loc":{"start":{"line":3,"column":21},"end":{"line":3,"column":31}},"type":"default-arg","locations":[{"start":{"line":3,"column":29},"end":{"line":3,"column":31}}],"line":3},"1":{"loc":{"start":{"line":5,"column":2},"end":{"line":11,"column":3}},"type":"switch","locations":[{"start":{"line":6,"column":4},"end":{"line":7,"column":25}},{"start":{"line":9,"column":4},"end":{"line":10,"column":18}}],"line":5}},"s":{"0":3,"1":3,"2":0,"3":3},"f":{"0":3},"b":{"0":[3],"1":[0,3]},"_coverageSchema":"1a1c01bbd47fc00a2c39e90264f33305004495a9","hash":"9b440e44b2d8401a1b543da0acc2cd5616c4ab84"}
,"C:\\Coding\\EDA-Revision\\w6-d3-async-redux-stories-saga\\client\\reducers\\waiting.js": {"path":"C:\\Coding\\EDA-Revision\\w6-d3-async-redux-stories-saga\\client\\reducers\\waiting.js","statementMap":{"0":{"start":{"line":6,"column":16},"end":{"line":20,"column":1}},"1":{"start":{"line":7,"column":2},"end":{"line":19,"column":3}},"2":{"start":{"line":9,"column":6},"end":{"line":9,"column":17}},"3":{"start":{"line":12,"column":6},"end":{"line":12,"column":18}},"4":{"start":{"line":15,"column":6},"end":{"line":15,"column":18}},"5":{"start":{"line":18,"column":6},"end":{"line":18,"column":18}}},"fnMap":{"0":{"name":"(anonymous_0)","decl":{"start":{"line":6,"column":16},"end":{"line":6,"column":17}},"loc":{"start":{"line":6,"column":43},"end":{"line":20,"column":1}},"line":6}},"branchMap":{"0":{"loc":{"start":{"line":6,"column":17},"end":{"line":6,"column":30}},"type":"default-arg","locations":[{"start":{"line":6,"column":25},"end":{"line":6,"column":30}}],"line":6},"1":{"loc":{"start":{"line":7,"column":2},"end":{"line":19,"column":3}},"type":"switch","locations":[{"start":{"line":8,"column":4},"end":{"line":9,"column":17}},{"start":{"line":11,"column":4},"end":{"line":12,"column":18}},{"start":{"line":14,"column":4},"end":{"line":15,"column":18}},{"start":{"line":17,"column":4},"end":{"line":18,"column":18}}],"line":7}},"s":{"0":1,"1":3,"2":0,"3":0,"4":1,"5":2},"f":{"0":3},"b":{"0":[3],"1":[0,0,1,2]},"_coverageSchema":"1a1c01bbd47fc00a2c39e90264f33305004495a9","hash":"9fb9e6acfbf5fe0d0cfa896880b7ae1f723db81a"}
,"C:\\Coding\\EDA-Revision\\w6-d3-async-redux-stories-saga\\client\\sagas\\index.js": {"path":"C:\\Coding\\EDA-Revision\\w6-d3-async-redux-stories-saga\\client\\sagas\\index.js","statementMap":{"0":{"start":{"line":4,"column":4},"end":{"line":4,"column":23}}},"fnMap":{"0":{"name":"rootSaga","decl":{"start":{"line":3,"column":17},"end":{"line":3,"column":25}},"loc":{"start":{"line":3,"column":27},"end":{"line":5,"column":1}},"line":3}},"branchMap":{},"s":{"0":1},"f":{"0":1},"b":{},"_coverageSchema":"1a1c01bbd47fc00a2c39e90264f33305004495a9","hash":"a6aa0272305b277d295ad10fbfdd9427bdc93a45"}
,"C:\\Coding\\EDA-Revision\\w6-d3-async-redux-stories-saga\\client\\sagas\\subreddits.js": {"path":"C:\\Coding\\EDA-Revision\\w6-d3-async-redux-stories-saga\\client\\sagas\\subreddits.js","statementMap":{"0":{"start":{"line":10,"column":4},"end":{"line":10,"column":54}},"1":{"start":{"line":11,"column":18},"end":{"line":11,"column":83}},"2":{"start":{"line":12,"column":4},"end":{"line":12,"column":40}},"3":{"start":{"line":13,"column":4},"end":{"line":13,"column":22}},"4":{"start":{"line":14,"column":4},"end":{"line":14,"column":38}},"5":{"start":{"line":15,"column":4},"end":{"line":15,"column":39}},"6":{"start":{"line":19,"column":4},"end":{"line":19,"column":46}}},"fnMap":{"0":{"name":"fetchPosts","decl":{"start":{"line":9,"column":17},"end":{"line":9,"column":27}},"loc":{"start":{"line":9,"column":36},"end":{"line":16,"column":1}},"line":9},"1":{"name":"subreddits","decl":{"start":{"line":18,"column":17},"end":{"line":18,"column":27}},"loc":{"start":{"line":18,"column":30},"end":{"line":20,"column":1}},"line":18}},"branchMap":{},"s":{"0":1,"1":1,"2":1,"3":1,"4":1,"5":1,"6":1},"f":{"0":1,"1":1},"b":{},"_coverageSchema":"1a1c01bbd47fc00a2c39e90264f33305004495a9","hash":"3fb8241c295f88e6b3da3d0f951671bd2f5a70ac"}
,"C:\\Coding\\EDA-Revision\\w6-d3-async-redux-stories-saga\\server\\reddit.js": {"path":"C:\\Coding\\EDA-Revision\\w6-d3-async-redux-stories-saga\\server\\reddit.js","statementMap":{"0":{"start":{"line":1,"column":16},"end":{"line":1,"column":34}},"1":{"start":{"line":2,"column":16},"end":{"line":2,"column":37}},"2":{"start":{"line":4,"column":15},"end":{"line":4,"column":31}},"3":{"start":{"line":6,"column":0},"end":{"line":6,"column":26}},"4":{"start":{"line":8,"column":0},"end":{"line":26,"column":2}},"5":{"start":{"line":9,"column":2},"end":{"line":25,"column":6}},"6":{"start":{"line":21,"column":6},"end":{"line":21,"column":41}},"7":{"start":{"line":24,"column":6},"end":{"line":24,"column":39}},"8":{"start":{"line":28,"column":0},"end":{"line":28,"column":23}}},"fnMap":{"0":{"name":"(anonymous_0)","decl":{"start":{"line":8,"column":36},"end":{"line":8,"column":37}},"loc":{"start":{"line":8,"column":50},"end":{"line":26,"column":1}},"line":8},"1":{"name":"(anonymous_1)","decl":{"start":{"line":20,"column":10},"end":{"line":20,"column":11}},"loc":{"start":{"line":20,"column":20},"end":{"line":22,"column":5}},"line":20},"2":{"name":"(anonymous_2)","decl":{"start":{"line":23,"column":11},"end":{"line":23,"column":12}},"loc":{"start":{"line":23,"column":18},"end":{"line":25,"column":5}},"line":23}},"branchMap":{},"s":{"0":1,"1":1,"2":1,"3":1,"4":1,"5":2,"6":1,"7":1,"8":1},"f":{"0":2,"1":1,"2":1},"b":{},"_coverageSchema":"1a1c01bbd47fc00a2c39e90264f33305004495a9","hash":"01f26d7126fd3605b7cc93b62e0886aea2a66679"}
,"C:\\Coding\\EDA-Revision\\w6-d3-async-redux-stories-saga\\server\\server.js": {"path":"C:\\Coding\\EDA-Revision\\w6-d3-async-redux-stories-saga\\server\\server.js","statementMap":{"0":{"start":{"line":1,"column":13},"end":{"line":1,"column":28}},"1":{"start":{"line":2,"column":16},"end":{"line":2,"column":34}},"2":{"start":{"line":4,"column":21},"end":{"line":4,"column":40}},"3":{"start":{"line":5,"column":15},"end":{"line":5,"column":24}},"4":{"start":{"line":7,"column":0},"end":{"line":7,"column":61}},"5":{"start":{"line":9,"column":0},"end":{"line":9,"column":42}},"6":{"start":{"line":11,"column":0},"end":{"line":11,"column":23}}},"fnMap":{},"branchMap":{},"s":{"0":1,"1":1,"2":1,"3":1,"4":1,"5":1,"6":1},"f":{},"b":{},"_coverageSchema":"1a1c01bbd47fc00a2c39e90264f33305004495a9","hash":"de61918b58ac620b080ba9c0738855ec54282006"}
}
