{"D:\\coding\\EDA-Revision\\w6-d3-async-redux-stories-saga\\client\\actions\\index.js": {"path":"D:\\coding\\EDA-Revision\\w6-d3-async-redux-stories-saga\\client\\actions\\index.js","statementMap":{"0":{"start":{"line":1,"column":26},"end":{"line":1,"column":38}},"1":{"start":{"line":2,"column":29},"end":{"line":2,"column":44}},"2":{"start":{"line":3,"column":29},"end":{"line":3,"column":44}},"3":{"start":{"line":5,"column":28},"end":{"line":10,"column":1}},"4":{"start":{"line":6,"column":2},"end":{"line":9,"column":3}},"5":{"start":{"line":12,"column":28},"end":{"line":18,"column":1}},"6":{"start":{"line":13,"column":2},"end":{"line":13,"column":67}},"7":{"start":{"line":14,"column":2},"end":{"line":17,"column":3}},"8":{"start":{"line":16,"column":29},"end":{"line":16,"column":38}},"9":{"start":{"line":20,"column":25},"end":{"line":25,"column":1}},"10":{"start":{"line":21,"column":2},"end":{"line":24,"column":3}}},"fnMap":{"0":{"name":"(anonymous_0)","decl":{"start":{"line":5,"column":28},"end":{"line":5,"column":29}},"loc":{"start":{"line":5,"column":37},"end":{"line":10,"column":1}},"line":5},"1":{"name":"(anonymous_1)","decl":{"start":{"line":12,"column":28},"end":{"line":12,"column":29}},"loc":{"start":{"line":12,"column":39},"end":{"line":18,"column":1}},"line":12},"2":{"name":"(anonymous_2)","decl":{"start":{"line":16,"column":21},"end":{"line":16,"column":22}},"loc":{"start":{"line":16,"column":29},"end":{"line":16,"column":38}},"line":16},"3":{"name":"(anonymous_3)","decl":{"start":{"line":20,"column":25},"end":{"line":20,"column":26}},"loc":{"start":{"line":20,"column":43},"end":{"line":25,"column":1}},"line":20}},"branchMap":{},"s":{"0":2,"1":2,"2":2,"3":2,"4":0,"5":2,"6":0,"7":0,"8":0,"9":2,"10":0},"f":{"0":0,"1":0,"2":0,"3":0},"b":{},"_coverageSchema":"1a1c01bbd47fc00a2c39e90264f33305004495a9","hash":"237903df2b2367ecfbd2121a5721382e9741d8f6"}
,"D:\\coding\\EDA-Revision\\w6-d3-async-redux-stories-saga\\client\\components\\App.jsx": {"path":"D:\\coding\\EDA-Revision\\w6-d3-async-redux-stories-saga\\client\\components\\App.jsx","statementMap":{"0":{"start":{"line":8,"column":12},"end":{"line":16,"column":1}},"1":{"start":{"line":9,"column":2},"end":{"line":15,"column":8}}},"fnMap":{"0":{"name":"(anonymous_0)","decl":{"start":{"line":8,"column":12},"end":{"line":8,"column":13}},"loc":{"start":{"line":9,"column":2},"end":{"line":15,"column":8}},"line":9}},"branchMap":{},"s":{"0":1,"1":1},"f":{"0":1},"b":{},"_coverageSchema":"1a1c01bbd47fc00a2c39e90264f33305004495a9","hash":"ed3db78a5a95c3e98c57b597b92cab10e495ffd5"}
,"D:\\coding\\EDA-Revision\\w6-d3-async-redux-stories-saga\\client\\components\\ErrorMessage.jsx": {"path":"D:\\coding\\EDA-Revision\\w6-d3-async-redux-stories-saga\\client\\components\\ErrorMessage.jsx","statementMap":{"0":{"start":{"line":4,"column":28},"end":{"line":10,"column":1}},"1":{"start":{"line":5,"column":2},"end":{"line":9,"column":3}},"2":{"start":{"line":12,"column":31},"end":{"line":12,"column":62}},"3":{"start":{"line":12,"column":50},"end":{"line":12,"column":62}}},"fnMap":{"0":{"name":"(anonymous_0)","decl":{"start":{"line":4,"column":28},"end":{"line":4,"column":29}},"loc":{"start":{"line":4,"column":39},"end":{"line":10,"column":1}},"line":4},"1":{"name":"(anonymous_1)","decl":{"start":{"line":12,"column":31},"end":{"line":12,"column":32}},"loc":{"start":{"line":12,"column":50},"end":{"line":12,"column":62}},"line":12}},"branchMap":{},"s":{"0":2,"1":1,"2":2,"3":1},"f":{"0":1,"1":1},"b":{},"_coverageSchema":"1a1c01bbd47fc00a2c39e90264f33305004495a9","hash":"bd7341eec0e9b4ff3b1041236434ef7087b3ed0b"}
,"D:\\coding\\EDA-Revision\\w6-d3-async-redux-stories-saga\\client\\components\\LoadSubreddit.jsx": {"path":"D:\\coding\\EDA-Revision\\w6-d3-async-redux-stories-saga\\client\\components\\LoadSubreddit.jsx","statementMap":{"0":{"start":{"line":7,"column":29},"end":{"line":17,"column":1}},"1":{"start":{"line":8,"column":2},"end":{"line":16,"column":8}},"2":{"start":{"line":11,"column":6},"end":{"line":11,"column":42}}},"fnMap":{"0":{"name":"(anonymous_0)","decl":{"start":{"line":7,"column":29},"end":{"line":7,"column":30}},"loc":{"start":{"line":8,"column":2},"end":{"line":16,"column":8}},"line":8},"1":{"name":"(anonymous_1)","decl":{"start":{"line":9,"column":21},"end":{"line":9,"column":22}},"loc":{"start":{"line":9,"column":27},"end":{"line":12,"column":5}},"line":9}},"branchMap":{},"s":{"0":2,"1":2,"2":0},"f":{"0":2,"1":0},"b":{},"_coverageSchema":"1a1c01bbd47fc00a2c39e90264f33305004495a9","hash":"20be2f2a4e74bcfa19fad83aa55b53db08cdc6b1"}
,"D:\\coding\\EDA-Revision\\w6-d3-async-redux-stories-saga\\client\\components\\Post.jsx": {"path":"D:\\coding\\EDA-Revision\\w6-d3-async-redux-stories-saga\\client\\components\\Post.jsx","statementMap":{"0":{"start":{"line":4,"column":17},"end":{"line":9,"column":1}},"1":{"start":{"line":11,"column":13},"end":{"line":19,"column":1}},"2":{"start":{"line":12,"column":45},"end":{"line":12,"column":49}},"3":{"start":{"line":13,"column":17},"end":{"line":13,"column":50}},"4":{"start":{"line":14,"column":4},"end":{"line":18,"column":12}}},"fnMap":{"0":{"name":"(anonymous_0)","decl":{"start":{"line":11,"column":13},"end":{"line":11,"column":14}},"loc":{"start":{"line":11,"column":25},"end":{"line":19,"column":1}},"line":11}},"branchMap":{"0":{"loc":{"start":{"line":17,"column":9},"end":{"line":17,"column":57}},"type":"binary-expr","locations":[{"start":{"line":17,"column":10},"end":{"line":17,"column":29}},{"start":{"line":17,"column":34},"end":{"line":17,"column":57}}],"line":17}},"s":{"0":1,"1":1,"2":0,"3":0,"4":0},"f":{"0":0},"b":{"0":[0,0]},"_coverageSchema":"1a1c01bbd47fc00a2c39e90264f33305004495a9","hash":"578ab38ee228bfcd4322113093c0553302459de5"}
,"D:\\coding\\EDA-Revision\\w6-d3-async-redux-stories-saga\\client\\components\\SubredditList.jsx": {"path":"D:\\coding\\EDA-Revision\\w6-d3-async-redux-stories-saga\\client\\components\\SubredditList.jsx","statementMap":{"0":{"start":{"line":6,"column":17},"end":{"line":9,"column":1}},"1":{"start":{"line":11,"column":18},"end":{"line":20,"column":1}},"2":{"start":{"line":12,"column":2},"end":{"line":19,"column":8}},"3":{"start":{"line":14,"column":6},"end":{"line":17,"column":8}},"4":{"start":{"line":22,"column":24},"end":{"line":26,"column":1}},"5":{"start":{"line":23,"column":2},"end":{"line":25,"column":3}}},"fnMap":{"0":{"name":"(anonymous_0)","decl":{"start":{"line":11,"column":18},"end":{"line":11,"column":19}},"loc":{"start":{"line":12,"column":2},"end":{"line":19,"column":8}},"line":12},"1":{"name":"(anonymous_1)","decl":{"start":{"line":13,"column":20},"end":{"line":13,"column":21}},"loc":{"start":{"line":14,"column":6},"end":{"line":17,"column":8}},"line":14},"2":{"name":"(anonymous_2)","decl":{"start":{"line":22,"column":24},"end":{"line":22,"column":25}},"loc":{"start":{"line":22,"column":35},"end":{"line":26,"column":1}},"line":22}},"branchMap":{},"s":{"0":1,"1":1,"2":0,"3":0,"4":1,"5":0},"f":{"0":0,"1":0,"2":0},"b":{},"_coverageSchema":"1a1c01bbd47fc00a2c39e90264f33305004495a9","hash":"67fb3a8b2e592733c4ff9fc2648ddc813ffb0c54"}
,"D:\\coding\\EDA-Revision\\w6-d3-async-redux-stories-saga\\client\\components\\WaitIndicator.jsx": {"path":"D:\\coding\\EDA-Revision\\w6-d3-async-redux-stories-saga\\client\\components\\WaitIndicator.jsx","statementMap":{"0":{"start":{"line":4,"column":22},"end":{"line":8,"column":1}},"1":{"start":{"line":5,"column":2},"end":{"line":7,"column":10}},"2":{"start":{"line":11,"column":2},"end":{"line":13,"column":3}}},"fnMap":{"0":{"name":"(anonymous_0)","decl":{"start":{"line":4,"column":22},"end":{"line":4,"column":23}},"loc":{"start":{"line":4,"column":33},"end":{"line":8,"column":1}},"line":4},"1":{"name":"mapStateToProps","decl":{"start":{"line":10,"column":9},"end":{"line":10,"column":24}},"loc":{"start":{"line":10,"column":33},"end":{"line":14,"column":1}},"line":10}},"branchMap":{"0":{"loc":{"start":{"line":5,"column":9},"end":{"line":7,"column":10}},"type":"cond-expr","locations":[{"start":{"line":6,"column":6},"end":{"line":6,"column":67}},{"start":{"line":7,"column":6},"end":{"line":7,"column":10}}],"line":5}},"s":{"0":1,"1":0,"2":0},"f":{"0":0,"1":0},"b":{"0":[0,0]},"_coverageSchema":"1a1c01bbd47fc00a2c39e90264f33305004495a9","hash":"69411c9fcc4bf81adbca843242b4579825d7c2b1"}
,"D:\\coding\\EDA-Revision\\w6-d3-async-redux-stories-saga\\server\\reddit.js": {"path":"D:\\coding\\EDA-Revision\\w6-d3-async-redux-stories-saga\\server\\reddit.js","statementMap":{"0":{"start":{"line":1,"column":16},"end":{"line":1,"column":34}},"1":{"start":{"line":2,"column":16},"end":{"line":2,"column":37}},"2":{"start":{"line":4,"column":15},"end":{"line":4,"column":31}},"3":{"start":{"line":6,"column":0},"end":{"line":6,"column":26}},"4":{"start":{"line":8,"column":0},"end":{"line":26,"column":2}},"5":{"start":{"line":9,"column":2},"end":{"line":25,"column":6}},"6":{"start":{"line":21,"column":6},"end":{"line":21,"column":41}},"7":{"start":{"line":24,"column":6},"end":{"line":24,"column":39}},"8":{"start":{"line":28,"column":0},"end":{"line":28,"column":23}}},"fnMap":{"0":{"name":"(anonymous_0)","decl":{"start":{"line":8,"column":36},"end":{"line":8,"column":37}},"loc":{"start":{"line":8,"column":50},"end":{"line":26,"column":1}},"line":8},"1":{"name":"(anonymous_1)","decl":{"start":{"line":20,"column":10},"end":{"line":20,"column":11}},"loc":{"start":{"line":20,"column":20},"end":{"line":22,"column":5}},"line":20},"2":{"name":"(anonymous_2)","decl":{"start":{"line":23,"column":11},"end":{"line":23,"column":12}},"loc":{"start":{"line":23,"column":18},"end":{"line":25,"column":5}},"line":23}},"branchMap":{},"s":{"0":1,"1":1,"2":1,"3":1,"4":1,"5":2,"6":1,"7":1,"8":1},"f":{"0":2,"1":1,"2":1},"b":{},"_coverageSchema":"1a1c01bbd47fc00a2c39e90264f33305004495a9","hash":"d22a3966c49c7e43fb1ae4177e9349eb8338cabf"}
,"D:\\coding\\EDA-Revision\\w6-d3-async-redux-stories-saga\\server\\server.js": {"path":"D:\\coding\\EDA-Revision\\w6-d3-async-redux-stories-saga\\server\\server.js","statementMap":{"0":{"start":{"line":1,"column":13},"end":{"line":1,"column":28}},"1":{"start":{"line":2,"column":16},"end":{"line":2,"column":34}},"2":{"start":{"line":4,"column":21},"end":{"line":4,"column":40}},"3":{"start":{"line":5,"column":15},"end":{"line":5,"column":24}},"4":{"start":{"line":7,"column":0},"end":{"line":7,"column":61}},"5":{"start":{"line":9,"column":0},"end":{"line":9,"column":42}},"6":{"start":{"line":11,"column":0},"end":{"line":11,"column":23}}},"fnMap":{},"branchMap":{},"s":{"0":1,"1":1,"2":1,"3":1,"4":1,"5":1,"6":1},"f":{},"b":{},"_coverageSchema":"1a1c01bbd47fc00a2c39e90264f33305004495a9","hash":"0d05ba42af812e95cf14d0c0c2f646b36456b719"}
}
