TN:
SF:client/actions/index.js
FN:5,(anonymous_0)
FN:12,(anonymous_1)
FN:17,(anonymous_2)
FN:21,(anonymous_3)
FNF:4
FNH:4
FNDA:3,(anonymous_0)
FNDA:2,(anonymous_1)
FNDA:4,(anonymous_2)
FNDA:1,(anonymous_3)
DA:1,4
DA:2,4
DA:3,4
DA:5,4
DA:6,3
DA:12,4
DA:13,2
DA:14,2
DA:15,2
DA:17,4
DA:21,4
DA:22,1
LF:12
LH:12
BRF:0
BRH:0
end_of_record
TN:
SF:client/components/App.jsx
FN:8,(anonymous_0)
FNF:1
FNH:1
FNDA:1,(anonymous_0)
DA:8,1
DA:9,1
LF:2
LH:2
BRF:0
BRH:0
end_of_record
TN:
SF:client/components/ErrorMessage.jsx
FN:4,(anonymous_0)
FN:12,(anonymous_1)
FNF:2
FNH:2
FNDA:1,(anonymous_0)
FNDA:1,(anonymous_1)
DA:4,2
DA:5,1
DA:12,2
LF:3
LH:3
BRF:0
BRH:0
end_of_record
TN:
SF:client/components/LoadSubreddit.jsx
FN:7,(anonymous_0)
FN:9,(anonymous_1)
FNF:2
FNH:2
FNDA:2,(anonymous_0)
FNDA:1,(anonymous_1)
DA:7,2
DA:8,2
DA:11,1
LF:3
LH:3
BRF:0
BRH:0
end_of_record
TN:
SF:client/components/Post.jsx
FN:11,(anonymous_0)
FNF:1
FNH:1
FNDA:2,(anonymous_0)
DA:4,3
DA:11,3
DA:12,2
DA:13,2
DA:14,2
LF:5
LH:5
BRDA:17,0,0,2
BRDA:17,0,1,1
BRF:2
BRH:2
end_of_record
TN:
SF:client/components/SubredditList.jsx
FN:11,(anonymous_0)
FN:13,(anonymous_1)
FN:22,(anonymous_2)
FNF:3
FNH:3
FNDA:1,(anonymous_0)
FNDA:3,(anonymous_1)
FNDA:1,(anonymous_2)
DA:6,2
DA:11,2
DA:12,1
DA:14,3
DA:22,2
DA:23,1
LF:6
LH:6
BRF:0
BRH:0
end_of_record
TN:
SF:client/components/WaitIndicator.jsx
FN:4,(anonymous_0)
FN:10,mapStateToProps
FNF:2
FNH:0
FNDA:0,(anonymous_0)
FNDA:0,mapStateToProps
DA:4,1
DA:5,0
DA:11,0
LF:3
LH:1
BRDA:5,0,0,0
BRDA:5,0,1,0
BRF:2
BRH:0
end_of_record
TN:
SF:client\reducers\error-message.js
FN:3,errorMessage
FNF:1
FNH:1
FNDA:3,errorMessage
DA:4,3
DA:6,1
DA:9,2
LF:3
LH:3
BRDA:3,0,0,3
BRDA:4,1,0,1
BRDA:4,1,1,2
BRF:3
BRH:3
end_of_record
TN:
SF:client\reducers\index.js
FNF:0
FNH:0
LF:0
LH:0
BRF:0
BRH:0
end_of_record
TN:
SF:client\reducers\subreddits.js
FN:3,subreddits
FNF:1
FNH:1
FNDA:3,subreddits
DA:4,3
DA:5,3
DA:7,0
DA:10,3
LF:4
LH:3
BRDA:3,0,0,3
BRDA:5,1,0,0
BRDA:5,1,1,3
BRF:3
BRH:2
end_of_record
TN:
SF:client\reducers\waiting.js
FN:6,(anonymous_0)
FNF:1
FNH:1
FNDA:3,(anonymous_0)
DA:6,1
DA:7,3
DA:9,0
DA:12,0
DA:15,1
DA:18,2
LF:6
LH:4
BRDA:6,0,0,3
BRDA:7,1,0,0
BRDA:7,1,1,0
BRDA:7,1,2,1
BRDA:7,1,3,2
BRF:5
BRH:3
end_of_record
TN:
SF:client\sagas\index.js
FN:3,rootSaga
FNF:1
FNH:1
FNDA:1,rootSaga
DA:4,1
LF:1
LH:1
BRF:0
BRH:0
end_of_record
TN:
SF:client\sagas\subreddits.js
FN:9,fetchPosts
FN:18,subreddits
FNF:2
FNH:2
FNDA:1,fetchPosts
FNDA:1,subreddits
DA:10,1
DA:11,1
DA:12,1
DA:13,1
DA:14,1
DA:15,1
DA:19,1
LF:7
LH:7
BRF:0
BRH:0
end_of_record
TN:
SF:server\reddit.js
FN:8,(anonymous_0)
FN:20,(anonymous_1)
FN:23,(anonymous_2)
FNF:3
FNH:3
FNDA:2,(anonymous_0)
FNDA:1,(anonymous_1)
FNDA:1,(anonymous_2)
DA:1,1
DA:2,1
DA:4,1
DA:6,1
DA:8,1
DA:9,2
DA:21,1
DA:24,1
DA:28,1
LF:9
LH:9
BRF:0
BRH:0
end_of_record
TN:
SF:server/server.js
FNF:0
FNH:0
DA:1,1
DA:2,1
DA:4,1
DA:5,1
DA:7,1
DA:9,1
DA:11,1
LF:7
LH:7
BRF:0
BRH:0
end_of_record
