<?xml version="1.0" encoding="UTF-8"?>
<coverage generated="1586320610912" clover="3.2.0">
  <project timestamp="1586320610912" name="All files">
    <metrics statements="15" coveredstatements="13" conditionals="0" coveredconditionals="0" methods="13" coveredmethods="11" elements="28" coveredelements="24" complexity="0" loc="15" ncloc="15" packages="2" files="6" classes="6">
      <package name="client.components">
        <metrics statements="14" coveredstatements="12" conditionals="0" coveredconditionals="0" methods="13" coveredmethods="11"/>
        <file name="App.jsx" path="D:\coding\EDA-Revision\w4d3-taxonomic-routing\client\components\App.jsx">
          <metrics statements="8" coveredstatements="6" conditionals="0" coveredconditionals="0" methods="7" coveredmethods="5"/>
          <line num="11" count="6" type="stmt"/>
          <line num="13" count="1" type="stmt"/>
          <line num="14" count="1" type="stmt"/>
          <line num="23" count="6" type="stmt"/>
          <line num="24" count="0" type="stmt"/>
          <line num="28" count="6" type="stmt"/>
          <line num="30" count="29" type="stmt"/>
          <line num="31" count="0" type="stmt"/>
        </file>
        <file name="Classifications.jsx" path="D:\coding\EDA-Revision\w4d3-taxonomic-routing\client\components\Classifications.jsx">
          <metrics statements="2" coveredstatements="2" conditionals="0" coveredconditionals="0" methods="2" coveredmethods="2"/>
          <line num="6" count="1" type="stmt"/>
          <line num="10" count="4" type="stmt"/>
        </file>
        <file name="Home.jsx" path="D:\coding\EDA-Revision\w4d3-taxonomic-routing\client\components\Home.jsx">
          <metrics statements="1" coveredstatements="1" conditionals="0" coveredconditionals="0" methods="1" coveredmethods="1"/>
          <line num="4" count="1" type="stmt"/>
        </file>
        <file name="Nav.jsx" path="D:\coding\EDA-Revision\w4d3-taxonomic-routing\client\components\Nav.jsx">
          <metrics statements="2" coveredstatements="2" conditionals="0" coveredconditionals="0" methods="2" coveredmethods="2"/>
          <line num="8" count="1" type="stmt"/>
          <line num="10" count="6" type="stmt"/>
        </file>
        <file name="Rank.js" path="D:\coding\EDA-Revision\w4d3-taxonomic-routing\client\components\Rank.js">
          <metrics statements="1" coveredstatements="1" conditionals="0" coveredconditionals="0" methods="1" coveredmethods="1"/>
          <line num="4" count="1" type="stmt"/>
        </file>
      </package>
      <package name="data">
        <metrics statements="1" coveredstatements="1" conditionals="0" coveredconditionals="0" methods="0" coveredmethods="0"/>
        <file name="ranks.js" path="D:\coding\EDA-Revision\w4d3-taxonomic-routing\data\ranks.js">
          <metrics statements="1" coveredstatements="1" conditionals="0" coveredconditionals="0" methods="0" coveredmethods="0"/>
          <line num="1" count="1" type="stmt"/>
        </file>
      </package>
    </metrics>
  </project>
</coverage>
