{"D:\\coding\\EDA-Revision\\w4d3-taxonomic-routing\\client\\components\\App.jsx": {"path":"D:\\coding\\EDA-Revision\\w4d3-taxonomic-routing\\client\\components\\App.jsx","statementMap":{"0":{"start":{"line":11,"column":31},"end":{"line":11,"column":79}},"1":{"start":{"line":11,"column":41},"end":{"line":11,"column":78}},"2":{"start":{"line":13,"column":12},"end":{"line":42,"column":1}},"3":{"start":{"line":14,"column":2},"end":{"line":41,"column":3}},"4":{"start":{"line":23,"column":47},"end":{"line":25,"column":63}},"5":{"start":{"line":24,"column":27},"end":{"line":25,"column":60}},"6":{"start":{"line":28,"column":38},"end":{"line":34,"column":15}},"7":{"start":{"line":30,"column":16},"end":{"line":32,"column":18}},"8":{"start":{"line":31,"column":29},"end":{"line":31,"column":48}}},"fnMap":{"0":{"name":"(anonymous_0)","decl":{"start":{"line":11,"column":31},"end":{"line":11,"column":32}},"loc":{"start":{"line":11,"column":41},"end":{"line":11,"column":78}},"line":11},"1":{"name":"(anonymous_1)","decl":{"start":{"line":13,"column":12},"end":{"line":13,"column":13}},"loc":{"start":{"line":13,"column":18},"end":{"line":42,"column":1}},"line":13},"2":{"name":"(anonymous_2)","decl":{"start":{"line":23,"column":19},"end":{"line":23,"column":20}},"loc":{"start":{"line":23,"column":47},"end":{"line":25,"column":63}},"line":23},"3":{"name":"(anonymous_3)","decl":{"start":{"line":24,"column":22},"end":{"line":24,"column":23}},"loc":{"start":{"line":24,"column":27},"end":{"line":25,"column":60}},"line":24},"4":{"name":"(anonymous_4)","decl":{"start":{"line":28,"column":14},"end":{"line":28,"column":15}},"loc":{"start":{"line":28,"column":38},"end":{"line":34,"column":15}},"line":28},"5":{"name":"(anonymous_5)","decl":{"start":{"line":29,"column":16},"end":{"line":29,"column":17}},"loc":{"start":{"line":29,"column":29},"end":{"line":33,"column":17}},"line":29},"6":{"name":"(anonymous_6)","decl":{"start":{"line":31,"column":24},"end":{"line":31,"column":25}},"loc":{"start":{"line":31,"column":29},"end":{"line":31,"column":48}},"line":31}},"branchMap":{},"s":{"0":1,"1":6,"2":1,"3":1,"4":6,"5":0,"6":6,"7":29,"8":0},"f":{"0":6,"1":1,"2":6,"3":0,"4":6,"5":29,"6":0},"b":{},"_coverageSchema":"332fd63041d2c1bcb487cc26dd0d5f7d97098a6c","hash":"d539dfab88f0d6c56848bef8b47bfa47a7d34114"}
,"D:\\coding\\EDA-Revision\\w4d3-taxonomic-routing\\client\\components\\Classifications.jsx": {"path":"D:\\coding\\EDA-Revision\\w4d3-taxonomic-routing\\client\\components\\Classifications.jsx","statementMap":{"0":{"start":{"line":6,"column":4},"end":{"line":14,"column":5}},"1":{"start":{"line":10,"column":35},"end":{"line":10,"column":117}}},"fnMap":{"0":{"name":"Classifications","decl":{"start":{"line":4,"column":16},"end":{"line":4,"column":31}},"loc":{"start":{"line":4,"column":56},"end":{"line":15,"column":1}},"line":4},"1":{"name":"(anonymous_1)","decl":{"start":{"line":10,"column":12},"end":{"line":10,"column":13}},"loc":{"start":{"line":10,"column":35},"end":{"line":10,"column":117}},"line":10}},"branchMap":{},"s":{"0":1,"1":4},"f":{"0":1,"1":4},"b":{},"_coverageSchema":"332fd63041d2c1bcb487cc26dd0d5f7d97098a6c","hash":"4c474544f705800351636fb814e66f9759f76c76"}
,"D:\\coding\\EDA-Revision\\w4d3-taxonomic-routing\\client\\components\\Home.jsx": {"path":"D:\\coding\\EDA-Revision\\w4d3-taxonomic-routing\\client\\components\\Home.jsx","statementMap":{"0":{"start":{"line":4,"column":4},"end":{"line":4,"column":62}}},"fnMap":{"0":{"name":"Home","decl":{"start":{"line":3,"column":16},"end":{"line":3,"column":20}},"loc":{"start":{"line":3,"column":23},"end":{"line":5,"column":1}},"line":3}},"branchMap":{},"s":{"0":1},"f":{"0":1},"b":{},"_coverageSchema":"332fd63041d2c1bcb487cc26dd0d5f7d97098a6c","hash":"5ec315bd2ecd52682fc748596a5d9a3ff3ad1653"}
,"D:\\coding\\EDA-Revision\\w4d3-taxonomic-routing\\client\\components\\Nav.jsx": {"path":"D:\\coding\\EDA-Revision\\w4d3-taxonomic-routing\\client\\components\\Nav.jsx","statementMap":{"0":{"start":{"line":8,"column":4},"end":{"line":12,"column":10}},"1":{"start":{"line":10,"column":12},"end":{"line":10,"column":119}}},"fnMap":{"0":{"name":"Nav","decl":{"start":{"line":7,"column":16},"end":{"line":7,"column":19}},"loc":{"start":{"line":7,"column":21},"end":{"line":13,"column":1}},"line":7},"1":{"name":"(anonymous_1)","decl":{"start":{"line":9,"column":32},"end":{"line":9,"column":33}},"loc":{"start":{"line":9,"column":59},"end":{"line":11,"column":9}},"line":9}},"branchMap":{},"s":{"0":1,"1":6},"f":{"0":1,"1":6},"b":{},"_coverageSchema":"332fd63041d2c1bcb487cc26dd0d5f7d97098a6c","hash":"03587d0e74e9d121ac26ad0c6b51088f04a53e3e"}
,"D:\\coding\\EDA-Revision\\w4d3-taxonomic-routing\\client\\components\\Rank.js": {"path":"D:\\coding\\EDA-Revision\\w4d3-taxonomic-routing\\client\\components\\Rank.js","statementMap":{"0":{"start":{"line":4,"column":4},"end":{"line":7,"column":21}}},"fnMap":{"0":{"name":"Rank","decl":{"start":{"line":3,"column":16},"end":{"line":3,"column":20}},"loc":{"start":{"line":3,"column":29},"end":{"line":8,"column":1}},"line":3}},"branchMap":{},"s":{"0":1},"f":{"0":1},"b":{},"_coverageSchema":"332fd63041d2c1bcb487cc26dd0d5f7d97098a6c","hash":"2e7c4490ecbf8cf2e92f3aec96c565992a60798a"}
,"D:\\coding\\EDA-Revision\\w4d3-taxonomic-routing\\data\\ranks.js": {"path":"D:\\coding\\EDA-Revision\\w4d3-taxonomic-routing\\data\\ranks.js","statementMap":{"0":{"start":{"line":1,"column":14},"end":{"line":159,"column":1}}},"fnMap":{},"branchMap":{},"s":{"0":1},"f":{},"b":{},"_coverageSchema":"332fd63041d2c1bcb487cc26dd0d5f7d97098a6c","hash":"7ebcdc6468baf213e640ecda99229e5996943d48"}
}
