{"D:\\coding\\EDA-Revision\\w4d3-taxonomic-routing\\client\\components\\App.jsx": {"path":"D:\\coding\\EDA-Revision\\w4d3-taxonomic-routing\\client\\components\\App.jsx","statementMap":{"0":{"start":{"line":13,"column":31},"end":{"line":13,"column":79}},"1":{"start":{"line":13,"column":41},"end":{"line":13,"column":78}},"2":{"start":{"line":15,"column":12},"end":{"line":52,"column":1}},"3":{"start":{"line":17,"column":2},"end":{"line":51,"column":3}},"4":{"start":{"line":26,"column":47},"end":{"line":28,"column":63}},"5":{"start":{"line":27,"column":27},"end":{"line":28,"column":60}},"6":{"start":{"line":31,"column":38},"end":{"line":37,"column":15}},"7":{"start":{"line":33,"column":16},"end":{"line":35,"column":18}},"8":{"start":{"line":34,"column":29},"end":{"line":34,"column":84}},"9":{"start":{"line":41,"column":14},"end":{"line":43,"column":20}},"10":{"start":{"line":42,"column":26},"end":{"line":43,"column":16}}},"fnMap":{"0":{"name":"(anonymous_0)","decl":{"start":{"line":13,"column":31},"end":{"line":13,"column":32}},"loc":{"start":{"line":13,"column":41},"end":{"line":13,"column":78}},"line":13},"1":{"name":"(anonymous_1)","decl":{"start":{"line":15,"column":12},"end":{"line":15,"column":13}},"loc":{"start":{"line":15,"column":23},"end":{"line":52,"column":1}},"line":15},"2":{"name":"(anonymous_2)","decl":{"start":{"line":26,"column":19},"end":{"line":26,"column":20}},"loc":{"start":{"line":26,"column":47},"end":{"line":28,"column":63}},"line":26},"3":{"name":"(anonymous_3)","decl":{"start":{"line":27,"column":22},"end":{"line":27,"column":23}},"loc":{"start":{"line":27,"column":27},"end":{"line":28,"column":60}},"line":27},"4":{"name":"(anonymous_4)","decl":{"start":{"line":31,"column":14},"end":{"line":31,"column":15}},"loc":{"start":{"line":31,"column":38},"end":{"line":37,"column":15}},"line":31},"5":{"name":"(anonymous_5)","decl":{"start":{"line":32,"column":16},"end":{"line":32,"column":17}},"loc":{"start":{"line":32,"column":29},"end":{"line":36,"column":17}},"line":32},"6":{"name":"(anonymous_6)","decl":{"start":{"line":34,"column":24},"end":{"line":34,"column":25}},"loc":{"start":{"line":34,"column":29},"end":{"line":34,"column":84}},"line":34},"7":{"name":"(anonymous_7)","decl":{"start":{"line":40,"column":14},"end":{"line":40,"column":15}},"loc":{"start":{"line":40,"column":29},"end":{"line":44,"column":15}},"line":40},"8":{"name":"(anonymous_8)","decl":{"start":{"line":42,"column":22},"end":{"line":42,"column":23}},"loc":{"start":{"line":42,"column":26},"end":{"line":43,"column":16}},"line":42}},"branchMap":{},"s":{"0":1,"1":6,"2":1,"3":1,"4":6,"5":0,"6":6,"7":29,"8":0,"9":5,"10":0},"f":{"0":6,"1":1,"2":6,"3":0,"4":6,"5":29,"6":0,"7":5,"8":0},"b":{},"_coverageSchema":"332fd63041d2c1bcb487cc26dd0d5f7d97098a6c","hash":"118737485b7e03948671e72798b155f835dd7b56"}
,"D:\\coding\\EDA-Revision\\w4d3-taxonomic-routing\\client\\components\\Classifications.jsx": {"path":"D:\\coding\\EDA-Revision\\w4d3-taxonomic-routing\\client\\components\\Classifications.jsx","statementMap":{"0":{"start":{"line":6,"column":4},"end":{"line":14,"column":5}},"1":{"start":{"line":10,"column":35},"end":{"line":10,"column":125}}},"fnMap":{"0":{"name":"Classifications","decl":{"start":{"line":4,"column":16},"end":{"line":4,"column":31}},"loc":{"start":{"line":4,"column":56},"end":{"line":15,"column":1}},"line":4},"1":{"name":"(anonymous_1)","decl":{"start":{"line":10,"column":12},"end":{"line":10,"column":13}},"loc":{"start":{"line":10,"column":35},"end":{"line":10,"column":125}},"line":10}},"branchMap":{},"s":{"0":1,"1":4},"f":{"0":1,"1":4},"b":{},"_coverageSchema":"332fd63041d2c1bcb487cc26dd0d5f7d97098a6c","hash":"305cd515578064ea403eb0d0c56f71ddedd589c2"}
,"D:\\coding\\EDA-Revision\\w4d3-taxonomic-routing\\client\\components\\Home.jsx": {"path":"D:\\coding\\EDA-Revision\\w4d3-taxonomic-routing\\client\\components\\Home.jsx","statementMap":{"0":{"start":{"line":4,"column":4},"end":{"line":4,"column":62}}},"fnMap":{"0":{"name":"Home","decl":{"start":{"line":3,"column":16},"end":{"line":3,"column":20}},"loc":{"start":{"line":3,"column":23},"end":{"line":5,"column":1}},"line":3}},"branchMap":{},"s":{"0":1},"f":{"0":1},"b":{},"_coverageSchema":"332fd63041d2c1bcb487cc26dd0d5f7d97098a6c","hash":"5ec315bd2ecd52682fc748596a5d9a3ff3ad1653"}
,"D:\\coding\\EDA-Revision\\w4d3-taxonomic-routing\\client\\components\\Nav.jsx": {"path":"D:\\coding\\EDA-Revision\\w4d3-taxonomic-routing\\client\\components\\Nav.jsx","statementMap":{"0":{"start":{"line":9,"column":4},"end":{"line":14,"column":10}},"1":{"start":{"line":12,"column":12},"end":{"line":12,"column":127}}},"fnMap":{"0":{"name":"Nav","decl":{"start":{"line":7,"column":16},"end":{"line":7,"column":19}},"loc":{"start":{"line":7,"column":26},"end":{"line":15,"column":1}},"line":7},"1":{"name":"(anonymous_1)","decl":{"start":{"line":11,"column":32},"end":{"line":11,"column":33}},"loc":{"start":{"line":11,"column":59},"end":{"line":13,"column":9}},"line":11}},"branchMap":{},"s":{"0":1,"1":6},"f":{"0":1,"1":6},"b":{},"_coverageSchema":"332fd63041d2c1bcb487cc26dd0d5f7d97098a6c","hash":"3f0f5c8fa6d6b80bec3050d84b66e9377530f531"}
,"D:\\coding\\EDA-Revision\\w4d3-taxonomic-routing\\client\\components\\Rank.jsx": {"path":"D:\\coding\\EDA-Revision\\w4d3-taxonomic-routing\\client\\components\\Rank.jsx","statementMap":{"0":{"start":{"line":5,"column":17},"end":{"line":12,"column":1}},"1":{"start":{"line":15,"column":4},"end":{"line":26,"column":21}},"2":{"start":{"line":22,"column":20},"end":{"line":22,"column":72}},"3":{"start":{"line":24,"column":26},"end":{"line":24,"column":86}}},"fnMap":{"0":{"name":"Rank","decl":{"start":{"line":14,"column":16},"end":{"line":14,"column":20}},"loc":{"start":{"line":14,"column":45},"end":{"line":27,"column":1}},"line":14},"1":{"name":"(anonymous_1)","decl":{"start":{"line":21,"column":16},"end":{"line":21,"column":17}},"loc":{"start":{"line":21,"column":26},"end":{"line":23,"column":17}},"line":21},"2":{"name":"(anonymous_2)","decl":{"start":{"line":24,"column":18},"end":{"line":24,"column":19}},"loc":{"start":{"line":24,"column":26},"end":{"line":24,"column":86}},"line":24}},"branchMap":{},"s":{"0":1,"1":1,"2":5,"3":0},"f":{"0":1,"1":5,"2":0},"b":{},"_coverageSchema":"332fd63041d2c1bcb487cc26dd0d5f7d97098a6c","hash":"b0ea3db6d19f63827d0710cab701212e24c31325"}
,"D:\\coding\\EDA-Revision\\w4d3-taxonomic-routing\\client\\components\\Species.jsx": {"path":"D:\\coding\\EDA-Revision\\w4d3-taxonomic-routing\\client\\components\\Species.jsx","statementMap":{"0":{"start":{"line":5,"column":77},"end":{"line":5,"column":82}},"1":{"start":{"line":7,"column":4},"end":{"line":23,"column":22}}},"fnMap":{"0":{"name":"Species","decl":{"start":{"line":4,"column":16},"end":{"line":4,"column":23}},"loc":{"start":{"line":4,"column":31},"end":{"line":24,"column":1}},"line":4}},"branchMap":{},"s":{"0":1,"1":1},"f":{"0":1},"b":{},"_coverageSchema":"332fd63041d2c1bcb487cc26dd0d5f7d97098a6c","hash":"3a4a12ceb378b7fb6bd0a5a9d2451ca139e1423f"}
,"D:\\coding\\EDA-Revision\\w4d3-taxonomic-routing\\data\\ranks.js": {"path":"D:\\coding\\EDA-Revision\\w4d3-taxonomic-routing\\data\\ranks.js","statementMap":{"0":{"start":{"line":1,"column":14},"end":{"line":159,"column":1}}},"fnMap":{},"branchMap":{},"s":{"0":1},"f":{},"b":{},"_coverageSchema":"332fd63041d2c1bcb487cc26dd0d5f7d97098a6c","hash":"7ebcdc6468baf213e640ecda99229e5996943d48"}
,"D:\\coding\\EDA-Revision\\w4d3-taxonomic-routing\\data\\species.js": {"path":"D:\\coding\\EDA-Revision\\w4d3-taxonomic-routing\\data\\species.js","statementMap":{"0":{"start":{"line":1,"column":16},"end":{"line":62,"column":1}}},"fnMap":{},"branchMap":{},"s":{"0":1},"f":{},"b":{},"_coverageSchema":"332fd63041d2c1bcb487cc26dd0d5f7d97098a6c","hash":"0232e01be6bed83a3e81c49a7662efad49cf96df"}
}
