TN:
SF:D:\coding\EDA-Revision\w4d3-taxonomic-routing\client\components\App.jsx
FN:11,(anonymous_0)
FN:13,(anonymous_1)
FN:23,(anonymous_2)
FN:24,(anonymous_3)
FN:28,(anonymous_4)
FN:29,(anonymous_5)
FN:31,(anonymous_6)
FNF:7
FNH:5
FNDA:6,(anonymous_0)
FNDA:1,(anonymous_1)
FNDA:6,(anonymous_2)
FNDA:0,(anonymous_3)
FNDA:6,(anonymous_4)
FNDA:29,(anonymous_5)
FNDA:0,(anonymous_6)
DA:11,6
DA:13,1
DA:14,1
DA:23,6
DA:24,0
DA:28,6
DA:30,29
DA:31,0
LF:8
LH:6
BRF:0
BRH:0
end_of_record
TN:
SF:D:\coding\EDA-Revision\w4d3-taxonomic-routing\client\components\Classifications.jsx
FN:4,Classifications
FN:10,(anonymous_1)
FNF:2
FNH:2
FNDA:1,Classifications
FNDA:4,(anonymous_1)
DA:6,1
DA:10,4
LF:2
LH:2
BRF:0
BRH:0
end_of_record
TN:
SF:D:\coding\EDA-Revision\w4d3-taxonomic-routing\client\components\Home.jsx
FN:3,Home
FNF:1
FNH:1
FNDA:1,Home
DA:4,1
LF:1
LH:1
BRF:0
BRH:0
end_of_record
TN:
SF:D:\coding\EDA-Revision\w4d3-taxonomic-routing\client\components\Nav.jsx
FN:7,Nav
FN:9,(anonymous_1)
FNF:2
FNH:2
FNDA:1,Nav
FNDA:6,(anonymous_1)
DA:8,1
DA:10,6
LF:2
LH:2
BRF:0
BRH:0
end_of_record
TN:
SF:D:\coding\EDA-Revision\w4d3-taxonomic-routing\client\components\Rank.js
FN:3,Rank
FNF:1
FNH:1
FNDA:1,Rank
DA:4,1
LF:1
LH:1
BRF:0
BRH:0
end_of_record
TN:
SF:D:\coding\EDA-Revision\w4d3-taxonomic-routing\data\ranks.js
FNF:0
FNH:0
DA:1,1
LF:1
LH:1
BRF:0
BRH:0
end_of_record
