TN:
SF:D:\coding\EDA-Revision\w4d3-taxonomic-routing\client\components\App.jsx
FN:13,(anonymous_0)
FN:15,(anonymous_1)
FN:26,(anonymous_2)
FN:27,(anonymous_3)
FN:31,(anonymous_4)
FN:32,(anonymous_5)
FN:34,(anonymous_6)
FN:40,(anonymous_7)
FN:42,(anonymous_8)
FNF:9
FNH:6
FNDA:6,(anonymous_0)
FNDA:1,(anonymous_1)
FNDA:6,(anonymous_2)
FNDA:0,(anonymous_3)
FNDA:6,(anonymous_4)
FNDA:29,(anonymous_5)
FNDA:0,(anonymous_6)
FNDA:5,(anonymous_7)
FNDA:0,(anonymous_8)
DA:13,6
DA:15,1
DA:17,1
DA:26,6
DA:27,0
DA:31,6
DA:33,29
DA:34,0
DA:41,5
DA:42,0
LF:10
LH:7
BRF:0
BRH:0
end_of_record
TN:
SF:D:\coding\EDA-Revision\w4d3-taxonomic-routing\client\components\Classifications.jsx
FN:4,Classifications
FN:10,(anonymous_1)
FNF:2
FNH:2
FNDA:1,Classifications
FNDA:4,(anonymous_1)
DA:6,1
DA:10,4
LF:2
LH:2
BRF:0
BRH:0
end_of_record
TN:
SF:D:\coding\EDA-Revision\w4d3-taxonomic-routing\client\components\Home.jsx
FN:3,Home
FNF:1
FNH:1
FNDA:1,Home
DA:4,1
LF:1
LH:1
BRF:0
BRH:0
end_of_record
TN:
SF:D:\coding\EDA-Revision\w4d3-taxonomic-routing\client\components\Nav.jsx
FN:7,Nav
FN:11,(anonymous_1)
FNF:2
FNH:2
FNDA:1,Nav
FNDA:6,(anonymous_1)
DA:9,1
DA:12,6
LF:2
LH:2
BRF:0
BRH:0
end_of_record
TN:
SF:D:\coding\EDA-Revision\w4d3-taxonomic-routing\client\components\Rank.jsx
FN:14,Rank
FN:21,(anonymous_1)
FN:24,(anonymous_2)
FNF:3
FNH:2
FNDA:1,Rank
FNDA:5,(anonymous_1)
FNDA:0,(anonymous_2)
DA:5,1
DA:15,1
DA:22,5
DA:24,0
LF:4
LH:3
BRF:0
BRH:0
end_of_record
TN:
SF:D:\coding\EDA-Revision\w4d3-taxonomic-routing\client\components\Species.jsx
FN:4,Species
FNF:1
FNH:1
FNDA:1,Species
DA:5,1
DA:7,1
LF:2
LH:2
BRF:0
BRH:0
end_of_record
TN:
SF:D:\coding\EDA-Revision\w4d3-taxonomic-routing\data\ranks.js
FNF:0
FNH:0
DA:1,1
LF:1
LH:1
BRF:0
BRH:0
end_of_record
TN:
SF:D:\coding\EDA-Revision\w4d3-taxonomic-routing\data\species.js
FNF:0
FNH:0
DA:1,1
LF:1
LH:1
BRF:0
BRH:0
end_of_record
