TN:
SF:client\actions\index.js
FN:7,(anonymous_0)
FN:13,(anonymous_1)
FN:16,(anonymous_2)
FN:20,(anonymous_3)
FN:27,fetchPosts
FN:28,(anonymous_5)
FN:33,(anonymous_6)
FN:36,(anonymous_7)
FNF:8
FNH:8
FNDA:2,(anonymous_0)
FNDA:1,(anonymous_1)
FNDA:1,(anonymous_2)
FNDA:1,(anonymous_3)
FNDA:2,fetchPosts
FNDA:2,(anonymous_5)
FNDA:1,(anonymous_6)
FNDA:1,(anonymous_7)
DA:3,1
DA:4,1
DA:5,1
DA:7,1
DA:8,2
DA:13,1
DA:14,1
DA:16,1
DA:20,1
DA:21,1
DA:28,2
DA:29,2
DA:30,2
DA:31,2
DA:34,1
DA:37,1
LF:16
LH:16
BRF:0
BRH:0
end_of_record
TN:
SF:server\reddit.js
FN:8,(anonymous_0)
FN:20,(anonymous_1)
FN:23,(anonymous_2)
FNF:3
FNH:3
FNDA:2,(anonymous_0)
FNDA:1,(anonymous_1)
FNDA:1,(anonymous_2)
DA:1,1
DA:2,1
DA:4,1
DA:6,1
DA:8,1
DA:9,2
DA:21,1
DA:24,1
DA:28,1
LF:9
LH:9
BRF:0
BRH:0
end_of_record
TN:
SF:server\server.js
FNF:0
FNH:0
DA:1,1
DA:2,1
DA:4,1
DA:5,1
DA:7,1
DA:9,1
DA:11,1
LF:7
LH:7
BRF:0
BRH:0
end_of_record
